<?xml version="1.0" encoding="UTF-8"?>
<testng-results ignored="0" total="1" passed="1" failed="0" skipped="0">
  <reporter-output>
  </reporter-output>
  <suite started-at="2022-10-11T19:54:52 IST" name="Default suite" finished-at="2022-10-11T19:55:18 IST" duration-ms="26752">
    <groups>
    </groups>
    <test started-at="2022-10-11T19:54:52 IST" name="Default test" finished-at="2022-10-11T19:55:18 IST" duration-ms="26752">
      <class name="InterviewQuestionsAnswers_15.Part31_SeleniumwithJavaTutorial">
        <test-method signature="part31_SeleniumwithJavaTutorial()[pri:0, instance:InterviewQuestionsAnswers_15.Part31_SeleniumwithJavaTutorial@3571b748]" started-at="2022-10-11T19:54:52 IST" name="part31_SeleniumwithJavaTutorial" finished-at="2022-10-11T19:55:18 IST" duration-ms="26655" status="PASS">
          <reporter-output>
          </reporter-output>
        </test-method> <!-- part31_SeleniumwithJavaTutorial -->
      </class> <!-- InterviewQuestionsAnswers_15.Part31_SeleniumwithJavaTutorial -->
    </test> <!-- Default test -->
  </suite> <!-- Default suite -->
</testng-results>
